This is XeTeX, Version 3.141592653-2.6-0.999995 (MiKTeX 24.1) (preloaded format=xelatex 2024.8.21)  15 SEP 2024 20:02
entering extended mode
 restricted \write18 enabled.
 %&-line parsing enabled.
**./text.tex
(text.tex
LaTeX2e <2023-11-01> patch level 1
L3 programming layer <2024-01-04>

(C:\Users\Arina_Luzgina\AppData\Local\Programs\MiKTeX\tex/latex/base\article.cl
s
Document Class: article 2023/05/17 v1.4n Standard LaTeX document class

(C:\Users\Arina_Luzgina\AppData\Local\Programs\MiKTeX\tex/latex/base\size12.clo
File: size12.clo 2023/05/17 v1.4n Standard LaTeX file (size option)
)
\c@part=\count183
\c@section=\count184
\c@subsection=\count185
\c@subsubsection=\count186
\c@paragraph=\count187
\c@subparagraph=\count188
\c@figure=\count189
\c@table=\count190
\abovecaptionskip=\skip48
\belowcaptionskip=\skip49
\bibindent=\dimen140
)
(C:\Users\Arina_Luzgina\AppData\Local\Programs\MiKTeX\tex/latex/graphics\graphi
cx.sty
Package: graphicx 2021/09/16 v1.2d Enhanced LaTeX Graphics (DPC,SPQR)

(C:\Users\Arina_Luzgina\AppData\Local\Programs\MiKTeX\tex/latex/graphics\keyval
.sty
Package: keyval 2022/05/29 v1.15 key=value parser (DPC)
\KV@toks@=\toks17
)
(C:\Users\Arina_Luzgina\AppData\Local\Programs\MiKTeX\tex/latex/graphics\graphi
cs.sty
Package: graphics 2022/03/10 v1.4e Standard LaTeX Graphics (DPC,SPQR)

(C:\Users\Arina_Luzgina\AppData\Local\Programs\MiKTeX\tex/latex/graphics\trig.s
ty
Package: trig 2021/08/11 v1.11 sin cos tan (DPC)
)
(C:\Users\Arina_Luzgina\AppData\Local\Programs\MiKTeX\tex/latex/graphics-cfg\gr
aphics.cfg
File: graphics.cfg 2016/06/04 v1.11 sample graphics configuration
)
Package graphics Info: Driver file: xetex.def on input line 107.

(C:\Users\Arina_Luzgina\AppData\Local\Programs\MiKTeX\tex/latex/graphics-def\xe
tex.def
File: xetex.def 2022/09/22 v5.0n Graphics/color driver for xetex
))
\Gin@req@height=\dimen141
\Gin@req@width=\dimen142
)
(C:\Users\Arina_Luzgina\AppData\Local\Programs\MiKTeX\tex/latex/float\float.sty
Package: float 2001/11/08 v1.3d Float enhancements (AL)
\c@float@type=\count191
\float@exts=\toks18
\float@box=\box51
\@float@everytoks=\toks19
\@floatcapt=\box52
)
(C:\Users\Arina_Luzgina\AppData\Local\Programs\MiKTeX\tex/latex/subfigure\subfi
gure.sty
Package: subfigure 2002/07/30 v2.1.4 subfigure package
\subfigtopskip=\skip50
\subfigcapskip=\skip51
\subfigcaptopadj=\dimen143
\subfigbottomskip=\skip52
\subfigcapmargin=\dimen144
\subfiglabelskip=\skip53
\c@subfigure=\count192
\c@lofdepth=\count193
\c@subtable=\count194
\c@lotdepth=\count195

****************************************
* Local config file subfigure.cfg used *
****************************************

(C:\Users\Arina_Luzgina\AppData\Local\Programs\MiKTeX\tex/latex/subfigure\subfi
gure.cfg)
\subfig@top=\skip54
\subfig@bottom=\skip55
)
(C:\Users\Arina_Luzgina\AppData\Local\Programs\MiKTeX\tex/generic/babel\babel.s
ty
Package: babel 2024/01/07 v24.1 The Babel package
\babel@savecnt=\count196
\U@D=\dimen145
\l@unhyphenated=\language79

(C:\Users\Arina_Luzgina\AppData\Local\Programs\MiKTeX\tex/generic/babel\xebabel
.def)
\bbl@readstream=\read2
\bbl@dirlevel=\count197

*************************************
* Local config file bblopts.cfg used
*

(C:\Users\Arina_Luzgina\AppData\Local\Programs\MiKTeX\tex/latex/arabi\bblopts.c
fg
File: bblopts.cfg 2005/09/08 v0.1 add Arabic and Farsi to "declared" options of
 babel
)
(C:\Users\Arina_Luzgina\AppData\Local\Programs\MiKTeX\tex/latex/babel-english\e
nglish.ldf
Language: english 2017/06/06 v3.3r English support from the babel system
Package babel Info: Hyphen rules for 'canadian' set to \l@english
(babel)             (\language0). Reported on input line 102.
Package babel Info: Hyphen rules for 'australian' set to \l@ukenglish
(babel)             (\language73). Reported on input line 105.
Package babel Info: Hyphen rules for 'newzealand' set to \l@ukenglish
(babel)             (\language73). Reported on input line 108.
)
(C:\Users\Arina_Luzgina\AppData\Local\Programs\MiKTeX\tex/latex/babel-russian\r
ussianb.ldf
File: russianb.ldf 2021/01/10 1.3m Russian support for the Babel system
Language: russian 2020/09/09 1.3k Russian support for the Babel system
Package babel Info: Making " an active character on input line 124.
Package babel Info: Default for \cyrdash is provided on input line 163.
))
(C:\Users\Arina_Luzgina\AppData\Local\Programs\MiKTeX\tex/generic/babel/locale/
ru\babel-russian.tex
Package babel Info: Importing font and identification data for russian
(babel)             from babel-ru.ini. Reported on input line 11.
)
(C:\Users\Arina_Luzgina\AppData\Local\Programs\MiKTeX\tex/generic/babel/locale/
en\babel-english.tex
Package babel Info: Importing font and identification data for english
(babel)             from babel-en.ini. Reported on input line 11.
)
(C:\Users\Arina_Luzgina\AppData\Local\Programs\MiKTeX\tex/latex/natbib\natbib.s
ty
Package: natbib 2010/09/13 8.31b (PWD, AO)
\bibhang=\skip56
\bibsep=\skip57
LaTeX Info: Redefining \cite on input line 694.
\c@NAT@ctr=\count198
)
(C:\Users\Arina_Luzgina\AppData\Local\Programs\MiKTeX\tex/latex/amsfonts\amssym
b.sty
Package: amssymb 2013/01/14 v3.01 AMS font symbols

(C:\Users\Arina_Luzgina\AppData\Local\Programs\MiKTeX\tex/latex/amsfonts\amsfon
ts.sty
Package: amsfonts 2013/01/14 v3.01 Basic AMSFonts support
\@emptytoks=\toks20
\symAMSa=\mathgroup4
\symAMSb=\mathgroup5
LaTeX Font Info:    Redeclaring math symbol \hbar on input line 98.
LaTeX Font Info:    Overwriting math alphabet `\mathfrak' in version `bold'
(Font)                  U/euf/m/n --> U/euf/b/n on input line 106.
))
(C:\Users\Arina_Luzgina\AppData\Local\Programs\MiKTeX\tex/latex/jknappen\mathrs
fs.sty
Package: mathrsfs 1996/01/01 Math RSFS package v1.0 (jk)
\symrsfs=\mathgroup6
)
(C:\Users\Arina_Luzgina\AppData\Local\Programs\MiKTeX\tex/latex/wrapfig\wrapfig
.sty
\wrapoverhang=\dimen146
\WF@size=\dimen147
\c@WF@wrappedlines=\count199
\WF@box=\box53
\WF@everypar=\toks21
Package: wrapfig 2003/01/31  v 3.6
)
(C:\Users\Arina_Luzgina\AppData\Local\Programs\MiKTeX\tex/latex/pgf/frontendlay
er\tikz.sty
(C:\Users\Arina_Luzgina\AppData\Local\Programs\MiKTeX\tex/latex/pgf/basiclayer\
pgf.sty
(C:\Users\Arina_Luzgina\AppData\Local\Programs\MiKTeX\tex/latex/pgf/utilities\p
gfrcs.sty
(C:\Users\Arina_Luzgina\AppData\Local\Programs\MiKTeX\tex/generic/pgf/utilities
\pgfutil-common.tex
\pgfutil@everybye=\toks22
\pgfutil@tempdima=\dimen148
\pgfutil@tempdimb=\dimen149
)
(C:\Users\Arina_Luzgina\AppData\Local\Programs\MiKTeX\tex/generic/pgf/utilities
\pgfutil-latex.def
\pgfutil@abb=\box54
)
(C:\Users\Arina_Luzgina\AppData\Local\Programs\MiKTeX\tex/generic/pgf/utilities
\pgfrcs.code.tex
(C:\Users\Arina_Luzgina\AppData\Local\Programs\MiKTeX\tex/generic/pgf\pgf.revis
ion.tex)
Package: pgfrcs 2023-01-15 v3.1.10 (3.1.10)
))
Package: pgf 2023-01-15 v3.1.10 (3.1.10)

(C:\Users\Arina_Luzgina\AppData\Local\Programs\MiKTeX\tex/latex/pgf/basiclayer\
pgfcore.sty
(C:\Users\Arina_Luzgina\AppData\Local\Programs\MiKTeX\tex/latex/pgf/systemlayer
\pgfsys.sty
(C:\Users\Arina_Luzgina\AppData\Local\Programs\MiKTeX\tex/generic/pgf/systemlay
er\pgfsys.code.tex
Package: pgfsys 2023-01-15 v3.1.10 (3.1.10)

(C:\Users\Arina_Luzgina\AppData\Local\Programs\MiKTeX\tex/generic/pgf/utilities
\pgfkeys.code.tex
\pgfkeys@pathtoks=\toks23
\pgfkeys@temptoks=\toks24

(C:\Users\Arina_Luzgina\AppData\Local\Programs\MiKTeX\tex/generic/pgf/utilities
\pgfkeyslibraryfiltered.code.tex
\pgfkeys@tmptoks=\toks25
))
\pgf@x=\dimen150
\pgf@y=\dimen151
\pgf@xa=\dimen152
\pgf@ya=\dimen153
\pgf@xb=\dimen154
\pgf@yb=\dimen155
\pgf@xc=\dimen156
\pgf@yc=\dimen157
\pgf@xd=\dimen158
\pgf@yd=\dimen159
\w@pgf@writea=\write3
\r@pgf@reada=\read3
\c@pgf@counta=\count266
\c@pgf@countb=\count267
\c@pgf@countc=\count268
\c@pgf@countd=\count269
\t@pgf@toka=\toks26
\t@pgf@tokb=\toks27
\t@pgf@tokc=\toks28
\pgf@sys@id@count=\count270

(C:\Users\Arina_Luzgina\AppData\Local\Programs\MiKTeX\tex/generic/pgf/systemlay
er\pgf.cfg
File: pgf.cfg 2023-01-15 v3.1.10 (3.1.10)
)
Driver file for pgf: pgfsys-xetex.def

(C:\Users\Arina_Luzgina\AppData\Local\Programs\MiKTeX\tex/generic/pgf/systemlay
er\pgfsys-xetex.def
File: pgfsys-xetex.def 2023-01-15 v3.1.10 (3.1.10)

(C:\Users\Arina_Luzgina\AppData\Local\Programs\MiKTeX\tex/generic/pgf/systemlay
er\pgfsys-dvipdfmx.def
File: pgfsys-dvipdfmx.def 2023-01-15 v3.1.10 (3.1.10)

(C:\Users\Arina_Luzgina\AppData\Local\Programs\MiKTeX\tex/generic/pgf/systemlay
er\pgfsys-common-pdf.def
File: pgfsys-common-pdf.def 2023-01-15 v3.1.10 (3.1.10)
)
\pgfsys@objnum=\count271
)))
(C:\Users\Arina_Luzgina\AppData\Local\Programs\MiKTeX\tex/generic/pgf/systemlay
er\pgfsyssoftpath.code.tex
File: pgfsyssoftpath.code.tex 2023-01-15 v3.1.10 (3.1.10)
\pgfsyssoftpath@smallbuffer@items=\count272
\pgfsyssoftpath@bigbuffer@items=\count273
)
(C:\Users\Arina_Luzgina\AppData\Local\Programs\MiKTeX\tex/generic/pgf/systemlay
er\pgfsysprotocol.code.tex
File: pgfsysprotocol.code.tex 2023-01-15 v3.1.10 (3.1.10)
))
(C:\Users\Arina_Luzgina\AppData\Local\Programs\MiKTeX\tex/latex/xcolor\xcolor.s
ty
Package: xcolor 2023/11/15 v3.01 LaTeX color extensions (UK)

(C:\Users\Arina_Luzgina\AppData\Local\Programs\MiKTeX\tex/latex/graphics-cfg\co
lor.cfg
File: color.cfg 2016/01/02 v1.6 sample color configuration
)
Package xcolor Info: Driver file: xetex.def on input line 274.

(C:\Users\Arina_Luzgina\AppData\Local\Programs\MiKTeX\tex/latex/graphics\mathco
lor.ltx)
Package xcolor Info: Model `cmy' substituted by `cmy0' on input line 1350.
Package xcolor Info: Model `RGB' extended on input line 1366.
Package xcolor Info: Model `HTML' substituted by `rgb' on input line 1368.
Package xcolor Info: Model `Hsb' substituted by `hsb' on input line 1369.
Package xcolor Info: Model `tHsb' substituted by `hsb' on input line 1370.
Package xcolor Info: Model `HSB' substituted by `hsb' on input line 1371.
Package xcolor Info: Model `Gray' substituted by `gray' on input line 1372.
Package xcolor Info: Model `wave' substituted by `hsb' on input line 1373.
)
(C:\Users\Arina_Luzgina\AppData\Local\Programs\MiKTeX\tex/generic/pgf/basiclaye
r\pgfcore.code.tex
Package: pgfcore 2023-01-15 v3.1.10 (3.1.10)

(C:\Users\Arina_Luzgina\AppData\Local\Programs\MiKTeX\tex/generic/pgf/math\pgfm
ath.code.tex
(C:\Users\Arina_Luzgina\AppData\Local\Programs\MiKTeX\tex/generic/pgf/math\pgfm
athutil.code.tex)
(C:\Users\Arina_Luzgina\AppData\Local\Programs\MiKTeX\tex/generic/pgf/math\pgfm
athparser.code.tex
\pgfmath@dimen=\dimen160
\pgfmath@count=\count274
\pgfmath@box=\box55
\pgfmath@toks=\toks29
\pgfmath@stack@operand=\toks30
\pgfmath@stack@operation=\toks31
)
(C:\Users\Arina_Luzgina\AppData\Local\Programs\MiKTeX\tex/generic/pgf/math\pgfm
athfunctions.code.tex)
(C:\Users\Arina_Luzgina\AppData\Local\Programs\MiKTeX\tex/generic/pgf/math\pgfm
athfunctions.basic.code.tex)
(C:\Users\Arina_Luzgina\AppData\Local\Programs\MiKTeX\tex/generic/pgf/math\pgfm
athfunctions.trigonometric.code.tex)
(C:\Users\Arina_Luzgina\AppData\Local\Programs\MiKTeX\tex/generic/pgf/math\pgfm
athfunctions.random.code.tex)
(C:\Users\Arina_Luzgina\AppData\Local\Programs\MiKTeX\tex/generic/pgf/math\pgfm
athfunctions.comparison.code.tex)
(C:\Users\Arina_Luzgina\AppData\Local\Programs\MiKTeX\tex/generic/pgf/math\pgfm
athfunctions.base.code.tex)
(C:\Users\Arina_Luzgina\AppData\Local\Programs\MiKTeX\tex/generic/pgf/math\pgfm
athfunctions.round.code.tex)
(C:\Users\Arina_Luzgina\AppData\Local\Programs\MiKTeX\tex/generic/pgf/math\pgfm
athfunctions.misc.code.tex)
(C:\Users\Arina_Luzgina\AppData\Local\Programs\MiKTeX\tex/generic/pgf/math\pgfm
athfunctions.integerarithmetics.code.tex)
(C:\Users\Arina_Luzgina\AppData\Local\Programs\MiKTeX\tex/generic/pgf/math\pgfm
athcalc.code.tex)
(C:\Users\Arina_Luzgina\AppData\Local\Programs\MiKTeX\tex/generic/pgf/math\pgfm
athfloat.code.tex
\c@pgfmathroundto@lastzeros=\count275
))
(C:\Users\Arina_Luzgina\AppData\Local\Programs\MiKTeX\tex/generic/pgf/math\pgfi
nt.code.tex)
(C:\Users\Arina_Luzgina\AppData\Local\Programs\MiKTeX\tex/generic/pgf/basiclaye
r\pgfcorepoints.code.tex
File: pgfcorepoints.code.tex 2023-01-15 v3.1.10 (3.1.10)
\pgf@picminx=\dimen161
\pgf@picmaxx=\dimen162
\pgf@picminy=\dimen163
\pgf@picmaxy=\dimen164
\pgf@pathminx=\dimen165
\pgf@pathmaxx=\dimen166
\pgf@pathminy=\dimen167
\pgf@pathmaxy=\dimen168
\pgf@xx=\dimen169
\pgf@xy=\dimen170
\pgf@yx=\dimen171
\pgf@yy=\dimen172
\pgf@zx=\dimen173
\pgf@zy=\dimen174
)
(C:\Users\Arina_Luzgina\AppData\Local\Programs\MiKTeX\tex/generic/pgf/basiclaye
r\pgfcorepathconstruct.code.tex
File: pgfcorepathconstruct.code.tex 2023-01-15 v3.1.10 (3.1.10)
\pgf@path@lastx=\dimen175
\pgf@path@lasty=\dimen176
)
(C:\Users\Arina_Luzgina\AppData\Local\Programs\MiKTeX\tex/generic/pgf/basiclaye
r\pgfcorepathusage.code.tex
File: pgfcorepathusage.code.tex 2023-01-15 v3.1.10 (3.1.10)
\pgf@shorten@end@additional=\dimen177
\pgf@shorten@start@additional=\dimen178
)
(C:\Users\Arina_Luzgina\AppData\Local\Programs\MiKTeX\tex/generic/pgf/basiclaye
r\pgfcorescopes.code.tex
File: pgfcorescopes.code.tex 2023-01-15 v3.1.10 (3.1.10)
\pgfpic=\box56
\pgf@hbox=\box57
\pgf@layerbox@main=\box58
\pgf@picture@serial@count=\count276
)
(C:\Users\Arina_Luzgina\AppData\Local\Programs\MiKTeX\tex/generic/pgf/basiclaye
r\pgfcoregraphicstate.code.tex
File: pgfcoregraphicstate.code.tex 2023-01-15 v3.1.10 (3.1.10)
\pgflinewidth=\dimen179
)
(C:\Users\Arina_Luzgina\AppData\Local\Programs\MiKTeX\tex/generic/pgf/basiclaye
r\pgfcoretransformations.code.tex
File: pgfcoretransformations.code.tex 2023-01-15 v3.1.10 (3.1.10)
\pgf@pt@x=\dimen180
\pgf@pt@y=\dimen181
\pgf@pt@temp=\dimen182
)
(C:\Users\Arina_Luzgina\AppData\Local\Programs\MiKTeX\tex/generic/pgf/basiclaye
r\pgfcorequick.code.tex
File: pgfcorequick.code.tex 2023-01-15 v3.1.10 (3.1.10)
)
(C:\Users\Arina_Luzgina\AppData\Local\Programs\MiKTeX\tex/generic/pgf/basiclaye
r\pgfcoreobjects.code.tex
File: pgfcoreobjects.code.tex 2023-01-15 v3.1.10 (3.1.10)
)
(C:\Users\Arina_Luzgina\AppData\Local\Programs\MiKTeX\tex/generic/pgf/basiclaye
r\pgfcorepathprocessing.code.tex
File: pgfcorepathprocessing.code.tex 2023-01-15 v3.1.10 (3.1.10)
)
(C:\Users\Arina_Luzgina\AppData\Local\Programs\MiKTeX\tex/generic/pgf/basiclaye
r\pgfcorearrows.code.tex
File: pgfcorearrows.code.tex 2023-01-15 v3.1.10 (3.1.10)
\pgfarrowsep=\dimen183
)
(C:\Users\Arina_Luzgina\AppData\Local\Programs\MiKTeX\tex/generic/pgf/basiclaye
r\pgfcoreshade.code.tex
File: pgfcoreshade.code.tex 2023-01-15 v3.1.10 (3.1.10)
\pgf@max=\dimen184
\pgf@sys@shading@range@num=\count277
\pgf@shadingcount=\count278
)
(C:\Users\Arina_Luzgina\AppData\Local\Programs\MiKTeX\tex/generic/pgf/basiclaye
r\pgfcoreimage.code.tex
File: pgfcoreimage.code.tex 2023-01-15 v3.1.10 (3.1.10)
)
(C:\Users\Arina_Luzgina\AppData\Local\Programs\MiKTeX\tex/generic/pgf/basiclaye
r\pgfcoreexternal.code.tex
File: pgfcoreexternal.code.tex 2023-01-15 v3.1.10 (3.1.10)
\pgfexternal@startupbox=\box59
)
(C:\Users\Arina_Luzgina\AppData\Local\Programs\MiKTeX\tex/generic/pgf/basiclaye
r\pgfcorelayers.code.tex
File: pgfcorelayers.code.tex 2023-01-15 v3.1.10 (3.1.10)
)
(C:\Users\Arina_Luzgina\AppData\Local\Programs\MiKTeX\tex/generic/pgf/basiclaye
r\pgfcoretransparency.code.tex
File: pgfcoretransparency.code.tex 2023-01-15 v3.1.10 (3.1.10)
)
(C:\Users\Arina_Luzgina\AppData\Local\Programs\MiKTeX\tex/generic/pgf/basiclaye
r\pgfcorepatterns.code.tex
File: pgfcorepatterns.code.tex 2023-01-15 v3.1.10 (3.1.10)
)
(C:\Users\Arina_Luzgina\AppData\Local\Programs\MiKTeX\tex/generic/pgf/basiclaye
r\pgfcorerdf.code.tex
File: pgfcorerdf.code.tex 2023-01-15 v3.1.10 (3.1.10)
)))
(C:\Users\Arina_Luzgina\AppData\Local\Programs\MiKTeX\tex/generic/pgf/modules\p
gfmoduleshapes.code.tex
File: pgfmoduleshapes.code.tex 2023-01-15 v3.1.10 (3.1.10)
\pgfnodeparttextbox=\box60
)
(C:\Users\Arina_Luzgina\AppData\Local\Programs\MiKTeX\tex/generic/pgf/modules\p
gfmoduleplot.code.tex
File: pgfmoduleplot.code.tex 2023-01-15 v3.1.10 (3.1.10)
)
(C:\Users\Arina_Luzgina\AppData\Local\Programs\MiKTeX\tex/latex/pgf/compatibili
ty\pgfcomp-version-0-65.sty
Package: pgfcomp-version-0-65 2023-01-15 v3.1.10 (3.1.10)
\pgf@nodesepstart=\dimen185
\pgf@nodesepend=\dimen186
)
(C:\Users\Arina_Luzgina\AppData\Local\Programs\MiKTeX\tex/latex/pgf/compatibili
ty\pgfcomp-version-1-18.sty
Package: pgfcomp-version-1-18 2023-01-15 v3.1.10 (3.1.10)
))
(C:\Users\Arina_Luzgina\AppData\Local\Programs\MiKTeX\tex/latex/pgf/utilities\p
gffor.sty
(C:\Users\Arina_Luzgina\AppData\Local\Programs\MiKTeX\tex/latex/pgf/utilities\p
gfkeys.sty
(C:\Users\Arina_Luzgina\AppData\Local\Programs\MiKTeX\tex/generic/pgf/utilities
\pgfkeys.code.tex))
(C:\Users\Arina_Luzgina\AppData\Local\Programs\MiKTeX\tex/latex/pgf/math\pgfmat
h.sty
(C:\Users\Arina_Luzgina\AppData\Local\Programs\MiKTeX\tex/generic/pgf/math\pgfm
ath.code.tex))
(C:\Users\Arina_Luzgina\AppData\Local\Programs\MiKTeX\tex/generic/pgf/utilities
\pgffor.code.tex
Package: pgffor 2023-01-15 v3.1.10 (3.1.10)
\pgffor@iter=\dimen187
\pgffor@skip=\dimen188
\pgffor@stack=\toks32
\pgffor@toks=\toks33
))
(C:\Users\Arina_Luzgina\AppData\Local\Programs\MiKTeX\tex/generic/pgf/frontendl
ayer/tikz\tikz.code.tex
Package: tikz 2023-01-15 v3.1.10 (3.1.10)

(C:\Users\Arina_Luzgina\AppData\Local\Programs\MiKTeX\tex/generic/pgf/libraries
\pgflibraryplothandlers.code.tex
File: pgflibraryplothandlers.code.tex 2023-01-15 v3.1.10 (3.1.10)
\pgf@plot@mark@count=\count279
\pgfplotmarksize=\dimen189
)
\tikz@lastx=\dimen190
\tikz@lasty=\dimen191
\tikz@lastxsaved=\dimen192
\tikz@lastysaved=\dimen193
\tikz@lastmovetox=\dimen194
\tikz@lastmovetoy=\dimen195
\tikzleveldistance=\dimen196
\tikzsiblingdistance=\dimen197
\tikz@figbox=\box61
\tikz@figbox@bg=\box62
\tikz@tempbox=\box63
\tikz@tempbox@bg=\box64
\tikztreelevel=\count280
\tikznumberofchildren=\count281
\tikznumberofcurrentchild=\count282
\tikz@fig@count=\count283

(C:\Users\Arina_Luzgina\AppData\Local\Programs\MiKTeX\tex/generic/pgf/modules\p
gfmodulematrix.code.tex
File: pgfmodulematrix.code.tex 2023-01-15 v3.1.10 (3.1.10)
\pgfmatrixcurrentrow=\count284
\pgfmatrixcurrentcolumn=\count285
\pgf@matrix@numberofcolumns=\count286
)
\tikz@expandcount=\count287

(C:\Users\Arina_Luzgina\AppData\Local\Programs\MiKTeX\tex/generic/pgf/frontendl
ayer/tikz/libraries\tikzlibrarytopaths.code.tex
File: tikzlibrarytopaths.code.tex 2023-01-15 v3.1.10 (3.1.10)
)))
(C:\Users\Arina_Luzgina\AppData\Local\Programs\MiKTeX\tex/latex/datetime\dateti
me.sty
Package: datetime 2015/03/20 v2.60 Date Time Package

(C:\Users\Arina_Luzgina\AppData\Local\Programs\MiKTeX\tex/latex/etoolbox\etoolb
ox.sty
Package: etoolbox 2020/10/05 v2.5k e-TeX tools for LaTeX (JAW)
\etb@tempcnta=\count288
)
(C:\Users\Arina_Luzgina\AppData\Local\Programs\MiKTeX\tex/latex/fmtcount\fmtcou
nt.sty
Invalid UTF-8 byte or sequence at line 10 replaced by U+FFFD.
Invalid UTF-8 byte or sequence at line 22 replaced by U+FFFD.
Package: fmtcount 2020/01/30 v3.07

(C:\Users\Arina_Luzgina\AppData\Local\Programs\MiKTeX\tex/latex/base\ifthen.sty
Package: ifthen 2022/04/13 v1.1d Standard LaTeX ifthen package (DPC)
)
(C:\Users\Arina_Luzgina\AppData\Local\Programs\MiKTeX\tex/latex/xkeyval\xkeyval
.sty
Package: xkeyval 2022/06/16 v2.9 package option processing (HA)

(C:\Users\Arina_Luzgina\AppData\Local\Programs\MiKTeX\tex/generic/xkeyval\xkeyv
al.tex
(C:\Users\Arina_Luzgina\AppData\Local\Programs\MiKTeX\tex/generic/xkeyval\xkvut
ils.tex
\XKV@toks=\toks34
\XKV@tempa@toks=\toks35
)
\XKV@depth=\count289
File: xkeyval.tex 2014/12/03 v2.7a key=value parser (HA)
))
(C:\Users\Arina_Luzgina\AppData\Local\Programs\MiKTeX\tex/latex/fmtcount\fcpref
ix.sty
Invalid UTF-8 byte or sequence at line 10 replaced by U+FFFD.
Invalid UTF-8 byte or sequence at line 22 replaced by U+FFFD.
Package: fcprefix 2012/09/28

(C:\Users\Arina_Luzgina\AppData\Local\Programs\MiKTeX\tex/latex/fmtcount\fcnump
arser.sty
Invalid UTF-8 byte or sequence at line 10 replaced by U+FFFD.
Invalid UTF-8 byte or sequence at line 22 replaced by U+FFFD.
Package: fcnumparser 2017/06/15
\fc@digit@counter=\count290
))
(C:\Users\Arina_Luzgina\AppData\Local\Programs\MiKTeX\tex/latex/amsmath\amsgen.
sty
File: amsgen.sty 1999/11/30 v2.0 generic functions
\@emptytoks=\toks36
\ex@=\dimen198
)
\c@padzeroesN=\count291
\fc@tmpcatcode=\count292

(C:\Users\Arina_Luzgina\AppData\Local\Programs\MiKTeX\tex/latex/fmtcount\fc-eng
lish.def
Invalid UTF-8 byte or sequence at line 10 replaced by U+FFFD.
Invalid UTF-8 byte or sequence at line 22 replaced by U+FFFD.
File: fc-english.def 2016/01/12
)
\@DT@modctr=\count293
\@ordinalctr=\count294
\@orgargctr=\count295
\@strctr=\count296
\@tmpstrctr=\count297
\@DT@loopN=\count298
\@DT@X=\count299
)
(C:\Users\Arina_Luzgina\AppData\Local\Programs\MiKTeX\tex/latex/datetime\dateti
me-defaults.sty
Package: datetime-defaults 2013/09/10
)
\@day=\count300
\@month=\count301
\@year=\count302
\c@HOUR=\count303
\c@HOURXII=\count304
\c@MINUTE=\count305
\c@TOHOUR=\count306
\c@TOMINUTE=\count307
\c@SECOND=\count308
\currenthour=\count309
\currentminute=\count310
\currentsecond=\count311
Package datetime Info: No datetime.cfg file found, using default settings on in
put line 308.
\@dtctr=\count312
\dayofyear=\count313
\dayofweek=\count314
LaTeX Info: Redefining \today on input line 736.

(C:\Users\Arina_Luzgina\AppData\Local\Programs\MiKTeX\tex/latex/datetime\dt-rus
sian.def
File: dt-russian.def 2013/09/10
LaTeX Info: Redefining \daterussian on input line 64.
)
\dt@a=\toks37
\dt@b=\toks38
)
(C:\Users\Arina_Luzgina\AppData\Local\Programs\MiKTeX\tex/latex/hyperref\hyperr
ef.sty
Package: hyperref 2023-11-26 v7.01g Hypertext links for LaTeX

(C:\Users\Arina_Luzgina\AppData\Local\Programs\MiKTeX\tex/generic/iftex\iftex.s
ty
Package: iftex 2022/02/03 v1.0f TeX engine tests
)
(C:\Users\Arina_Luzgina\AppData\Local\Programs\MiKTeX\tex/generic/infwarerr\inf
warerr.sty
Package: infwarerr 2019/12/03 v1.5 Providing info/warning/error messages (HO)
)
(C:\Users\Arina_Luzgina\AppData\Local\Programs\MiKTeX\tex/latex/kvsetkeys\kvset
keys.sty
Package: kvsetkeys 2022-10-05 v1.19 Key value parser (HO)
)
(C:\Users\Arina_Luzgina\AppData\Local\Programs\MiKTeX\tex/generic/kvdefinekeys\
kvdefinekeys.sty
Package: kvdefinekeys 2019-12-19 v1.6 Define keys (HO)
)
(C:\Users\Arina_Luzgina\AppData\Local\Programs\MiKTeX\tex/generic/pdfescape\pdf
escape.sty
Package: pdfescape 2019/12/09 v1.15 Implements pdfTeX's escape features (HO)

(C:\Users\Arina_Luzgina\AppData\Local\Programs\MiKTeX\tex/generic/ltxcmds\ltxcm
ds.sty
Package: ltxcmds 2023-12-04 v1.26 LaTeX kernel commands for general use (HO)
)
(C:\Users\Arina_Luzgina\AppData\Local\Programs\MiKTeX\tex/generic/pdftexcmds\pd
ftexcmds.sty
Package: pdftexcmds 2020-06-27 v0.33 Utility functions of pdfTeX for LuaTeX (HO
)
Package pdftexcmds Info: \pdf@primitive is available.
Package pdftexcmds Info: \pdf@ifprimitive is available.
Package pdftexcmds Info: \pdfdraftmode not found.
))
(C:\Users\Arina_Luzgina\AppData\Local\Programs\MiKTeX\tex/latex/hycolor\hycolor
.sty
Package: hycolor 2020-01-27 v1.10 Color options for hyperref/bookmark (HO)
)
(C:\Users\Arina_Luzgina\AppData\Local\Programs\MiKTeX\tex/latex/letltxmacro\let
ltxmacro.sty
Package: letltxmacro 2019/12/03 v1.6 Let assignment for LaTeX macros (HO)
)
(C:\Users\Arina_Luzgina\AppData\Local\Programs\MiKTeX\tex/latex/auxhook\auxhook
.sty
Package: auxhook 2019-12-17 v1.6 Hooks for auxiliary files (HO)
)
(C:\Users\Arina_Luzgina\AppData\Local\Programs\MiKTeX\tex/latex/hyperref\namere
f.sty
Package: nameref 2023-11-26 v2.56 Cross-referencing by name of section

(C:\Users\Arina_Luzgina\AppData\Local\Programs\MiKTeX\tex/latex/refcount\refcou
nt.sty
Package: refcount 2019/12/15 v3.6 Data extraction from label references (HO)
)
(C:\Users\Arina_Luzgina\AppData\Local\Programs\MiKTeX\tex/generic/gettitlestrin
g\gettitlestring.sty
Package: gettitlestring 2019/12/15 v1.6 Cleanup title references (HO)

(C:\Users\Arina_Luzgina\AppData\Local\Programs\MiKTeX\tex/latex/kvoptions\kvopt
ions.sty
Package: kvoptions 2022-06-15 v3.15 Key value format for package options (HO)
))
\c@section@level=\count315
)
\@linkdim=\dimen199
\Hy@linkcounter=\count316
\Hy@pagecounter=\count317

(C:\Users\Arina_Luzgina\AppData\Local\Programs\MiKTeX\tex/latex/hyperref\pd1enc
.def
File: pd1enc.def 2023-11-26 v7.01g Hyperref: PDFDocEncoding definition (HO)
)
(C:\Users\Arina_Luzgina\AppData\Local\Programs\MiKTeX\tex/generic/intcalc\intca
lc.sty
Package: intcalc 2019/12/15 v1.3 Expandable calculations with integers (HO)
)
\Hy@SavedSpaceFactor=\count318

(C:\Users\Arina_Luzgina\AppData\Local\Programs\MiKTeX\tex/latex/hyperref\puenc.
def
File: puenc.def 2023-11-26 v7.01g Hyperref: PDF Unicode definition (HO)
)
Package hyperref Info: Option `unicode' set `true' on input line 3167.
Package hyperref Info: Option `colorlinks' set `true' on input line 4064.
Package hyperref Info: Hyper figures OFF on input line 4181.
Package hyperref Info: Link nesting OFF on input line 4186.
Package hyperref Info: Hyper index ON on input line 4189.
Package hyperref Info: Plain pages OFF on input line 4196.
Package hyperref Info: Backreferencing OFF on input line 4201.
Package hyperref Info: Implicit mode ON; LaTeX internals redefined.
Package hyperref Info: Bookmarks ON on input line 4448.
\c@Hy@tempcnt=\count319

(C:\Users\Arina_Luzgina\AppData\Local\Programs\MiKTeX\tex/latex/url\url.sty
\Urlmuskip=\muskip16
Package: url 2013/09/16  ver 3.4  Verb mode for urls, etc.
)
LaTeX Info: Redefining \url on input line 4786.
\XeTeXLinkMargin=\dimen256

(C:\Users\Arina_Luzgina\AppData\Local\Programs\MiKTeX\tex/generic/bitset\bitset
.sty
Package: bitset 2019/12/09 v1.3 Handle bit-vector datatype (HO)

(C:\Users\Arina_Luzgina\AppData\Local\Programs\MiKTeX\tex/generic/bigintcalc\bi
gintcalc.sty
Package: bigintcalc 2019/12/15 v1.5 Expandable calculations on big integers (HO
)
))
\Fld@menulength=\count320
\Field@Width=\dimen257
\Fld@charsize=\dimen258
Package hyperref Info: Hyper figures OFF on input line 6065.
Package hyperref Info: Link nesting OFF on input line 6070.
Package hyperref Info: Hyper index ON on input line 6073.
Package hyperref Info: backreferencing OFF on input line 6080.
Package hyperref Info: Link coloring ON on input line 6083.
Package hyperref Info: Link coloring with OCG OFF on input line 6090.
Package hyperref Info: PDF/A mode OFF on input line 6095.

(C:\Users\Arina_Luzgina\AppData\Local\Programs\MiKTeX\tex/latex/base\atbegshi-l
tx.sty
Package: atbegshi-ltx 2021/01/10 v1.0c Emulation of the original atbegshi
package with kernel methods
)
\Hy@abspage=\count321
\c@Item=\count322
\c@Hfootnote=\count323
)
Package hyperref Info: Driver (autodetected): hxetex.

(C:\Users\Arina_Luzgina\AppData\Local\Programs\MiKTeX\tex/latex/hyperref\hxetex
.def
File: hxetex.def 2023-11-26 v7.01g Hyperref driver for XeTeX

(C:\Users\Arina_Luzgina\AppData\Local\Programs\MiKTeX\tex/generic/stringenc\str
ingenc.sty
Package: stringenc 2019/11/29 v1.12 Convert strings between diff. encodings (HO
)
)
\pdfm@box=\box65
\c@Hy@AnnotLevel=\count324
\HyField@AnnotCount=\count325
\Fld@listcount=\count326
\c@bookmark@seq@number=\count327

(C:\Users\Arina_Luzgina\AppData\Local\Programs\MiKTeX\tex/latex/rerunfilecheck\
rerunfilecheck.sty
Package: rerunfilecheck 2022-07-10 v1.10 Rerun checks for auxiliary files (HO)

(C:\Users\Arina_Luzgina\AppData\Local\Programs\MiKTeX\tex/latex/base\atveryend-
ltx.sty
Package: atveryend-ltx 2020/08/19 v1.0a Emulation of the original atveryend pac
kage
with kernel methods
)
(C:\Users\Arina_Luzgina\AppData\Local\Programs\MiKTeX\tex/generic/uniquecounter
\uniquecounter.sty
Package: uniquecounter 2019/12/15 v1.4 Provide unlimited unique counter (HO)
)
Package uniquecounter Info: New unique counter `rerunfilecheck' on input line 2
85.
)
\Hy@SectionHShift=\skip58
)
Package hyperref Info: Option `colorlinks' set `true' on input line 26.

(C:\Users\Arina_Luzgina\AppData\Local\Programs\MiKTeX\tex/latex/geometry\geomet
ry.sty
Package: geometry 2020/01/02 v5.9 Page Geometry

(C:\Users\Arina_Luzgina\AppData\Local\Programs\MiKTeX\tex/generic/iftex\ifvtex.
sty
Package: ifvtex 2019/10/25 v1.7 ifvtex legacy package. Use iftex instead.
)
\Gm@cnth=\count328
\Gm@cntv=\count329
\c@Gm@tempcnt=\count330
\Gm@bindingoffset=\dimen259
\Gm@wd@mp=\dimen260
\Gm@odd@mp=\dimen261
\Gm@even@mp=\dimen262
\Gm@layoutwidth=\dimen263
\Gm@layoutheight=\dimen264
\Gm@layouthoffset=\dimen265
\Gm@layoutvoffset=\dimen266
\Gm@dimlist=\toks39

(C:\Users\Arina_Luzgina\AppData\Local\Programs\MiKTeX\tex/latex/geometry\geomet
ry.cfg))

Package geometry Warning: Over-specification in `v'-direction.
    `height' (731.23582pt) is ignored.


(C:\Users\Arina_Luzgina\AppData\Local\Programs\MiKTeX\tex/latex/amsmath\amsmath
.sty
Package: amsmath 2023/05/13 v2.17o AMS math features
\@mathmargin=\skip59

For additional information on amsmath, use the `?' option.

(C:\Users\Arina_Luzgina\AppData\Local\Programs\MiKTeX\tex/latex/amsmath\amstext
.sty
Package: amstext 2021/08/26 v2.01 AMS text
)
(C:\Users\Arina_Luzgina\AppData\Local\Programs\MiKTeX\tex/latex/amsmath\amsbsy.
sty
Package: amsbsy 1999/11/29 v1.2d Bold Symbols
\pmbraise@=\dimen267
)
(C:\Users\Arina_Luzgina\AppData\Local\Programs\MiKTeX\tex/latex/amsmath\amsopn.
sty
Package: amsopn 2022/04/08 v2.04 operator names
)
\inf@bad=\count331
LaTeX Info: Redefining \frac on input line 234.
\uproot@=\count332
\leftroot@=\count333
LaTeX Info: Redefining \overline on input line 399.
LaTeX Info: Redefining \colon on input line 410.
\classnum@=\count334
\DOTSCASE@=\count335
LaTeX Info: Redefining \ldots on input line 496.
LaTeX Info: Redefining \dots on input line 499.
LaTeX Info: Redefining \cdots on input line 620.
\Mathstrutbox@=\box66
\strutbox@=\box67
LaTeX Info: Redefining \big on input line 722.
LaTeX Info: Redefining \Big on input line 723.
LaTeX Info: Redefining \bigg on input line 724.
LaTeX Info: Redefining \Bigg on input line 725.
\big@size=\dimen268
LaTeX Font Info:    Redeclaring font encoding OML on input line 743.
LaTeX Font Info:    Redeclaring font encoding OMS on input line 744.
\macc@depth=\count336
LaTeX Info: Redefining \bmod on input line 905.
LaTeX Info: Redefining \pmod on input line 910.
LaTeX Info: Redefining \smash on input line 940.
LaTeX Info: Redefining \relbar on input line 970.
LaTeX Info: Redefining \Relbar on input line 971.
\c@MaxMatrixCols=\count337
\dotsspace@=\muskip17
\c@parentequation=\count338
\dspbrk@lvl=\count339
\tag@help=\toks40
\row@=\count340
\column@=\count341
\maxfields@=\count342
\andhelp@=\toks41
\eqnshift@=\dimen269
\alignsep@=\dimen270
\tagshift@=\dimen271
\tagwidth@=\dimen272
\totwidth@=\dimen273
\lineht@=\dimen274
\@envbody=\toks42
\multlinegap=\skip60
\multlinetaggap=\skip61
\mathdisplay@stack=\toks43
LaTeX Info: Redefining \[ on input line 2953.
LaTeX Info: Redefining \] on input line 2954.
)
(C:\Users\Arina_Luzgina\AppData\Local\Programs\MiKTeX\tex/latex/tools\indentfir
st.sty
Package: indentfirst 2023/07/02 v1.03 Indent first paragraph (DPC)
)
(C:\Users\Arina_Luzgina\AppData\Local\Programs\MiKTeX\tex/latex/l3backend\l3bac
kend-xetex.def
File: l3backend-xetex.def 2024-01-04 L3 backend support: XeTeX
\g__graphics_track_int=\count343
\l__pdf_internal_box=\box68
\g__pdf_backend_object_int=\count344
\g__pdf_backend_annotation_int=\count345
\g__pdf_backend_link_int=\count346
) (text.aux)
\openout1 = `text.aux'.

LaTeX Font Info:    Checking defaults for OML/cmm/m/it on input line 46.
LaTeX Font Info:    ... okay on input line 46.
LaTeX Font Info:    Checking defaults for OMS/cmsy/m/n on input line 46.
LaTeX Font Info:    ... okay on input line 46.
LaTeX Font Info:    Checking defaults for OT1/cmr/m/n on input line 46.
LaTeX Font Info:    ... okay on input line 46.
LaTeX Font Info:    Checking defaults for T1/cmr/m/n on input line 46.
LaTeX Font Info:    ... okay on input line 46.
LaTeX Font Info:    Checking defaults for TS1/cmr/m/n on input line 46.
LaTeX Font Info:    Trying to load font information for TS1+cmr on input line 4
6.

(C:\Users\Arina_Luzgina\AppData\Local\Programs\MiKTeX\tex/latex/base\ts1cmr.fd
File: ts1cmr.fd 2023/04/13 v2.5m Standard LaTeX font definitions
)
LaTeX Font Info:    ... okay on input line 46.
LaTeX Font Info:    Checking defaults for TU/lmr/m/n on input line 46.
LaTeX Font Info:    ... okay on input line 46.
LaTeX Font Info:    Checking defaults for OMX/cmex/m/n on input line 46.
LaTeX Font Info:    ... okay on input line 46.
LaTeX Font Info:    Checking defaults for U/cmr/m/n on input line 46.
LaTeX Font Info:    ... okay on input line 46.
LaTeX Font Info:    Checking defaults for PD1/pdf/m/n on input line 46.
LaTeX Font Info:    ... okay on input line 46.
LaTeX Font Info:    Checking defaults for PU/pdf/m/n on input line 46.
LaTeX Font Info:    ... okay on input line 46.
LaTeX Info: Redefining \th on input line 46.
Package hyperref Info: Link coloring ON on input line 46.
(text.out) (text.out)
\@outlinefile=\write4
\openout4 = `text.out'.


*geometry* driver: auto-detecting
*geometry* detected driver: xetex
*geometry* verbose mode - [ preamble ] result:
* driver: xetex
* paper: a4paper
* layout: <same size as paper>
* layoutoffset:(h,v)=(0.0pt,0.0pt)
* modes: 
* h-part:(L,W,R)=(28.45274pt, 540.60236pt, 28.45277pt)
* v-part:(T,H,B)=(42.67912pt, 759.6886pt, 42.67912pt)
* \paperwidth=597.50787pt
* \paperheight=845.04684pt
* \textwidth=540.60236pt
* \textheight=759.6886pt
* \oddsidemargin=-43.81725pt
* \evensidemargin=-43.81725pt
* \topmargin=-66.59087pt
* \headheight=12.0pt
* \headsep=25.0pt
* \topskip=12.0pt
* \footskip=30.0pt
* \marginparwidth=44.0pt
* \marginparsep=10.0pt
* \columnsep=10.0pt
* \skip\footins=10.8pt plus 4.0pt minus 2.0pt
* \hoffset=0.0pt
* \voffset=0.0pt
* \mag=1000
* \@twocolumnfalse
* \@twosidefalse
* \@mparswitchfalse
* \@reversemarginfalse
* (1in=72.27pt=25.4mm, 1cm=28.453pt)

Missing character: There is no М in font [lmroman12-regular]:mapping=tex-text;!
Missing character: There is no О in font [lmroman12-regular]:mapping=tex-text;!
Missing character: There is no С in font [lmroman12-regular]:mapping=tex-text;!
Missing character: There is no К in font [lmroman12-regular]:mapping=tex-text;!
Missing character: There is no О in font [lmroman12-regular]:mapping=tex-text;!
Missing character: There is no В in font [lmroman12-regular]:mapping=tex-text;!
Missing character: There is no С in font [lmroman12-regular]:mapping=tex-text;!
Missing character: There is no К in font [lmroman12-regular]:mapping=tex-text;!
Missing character: There is no И in font [lmroman12-regular]:mapping=tex-text;!
Missing character: There is no Й in font [lmroman12-regular]:mapping=tex-text;!
Missing character: There is no Ф in font [lmroman12-regular]:mapping=tex-text;!
Missing character: There is no И in font [lmroman12-regular]:mapping=tex-text;!
Missing character: There is no З in font [lmroman12-regular]:mapping=tex-text;!
Missing character: There is no И in font [lmroman12-regular]:mapping=tex-text;!
Missing character: There is no К in font [lmroman12-regular]:mapping=tex-text;!
Missing character: There is no О in font [lmroman12-regular]:mapping=tex-text;!
Missing character: There is no Т in font [lmroman12-regular]:mapping=tex-text;!
Missing character: There is no Е in font [lmroman12-regular]:mapping=tex-text;!
Missing character: There is no Х in font [lmroman12-regular]:mapping=tex-text;!
Missing character: There is no Н in font [lmroman12-regular]:mapping=tex-text;!
Missing character: There is no И in font [lmroman12-regular]:mapping=tex-text;!
Missing character: There is no Ч in font [lmroman12-regular]:mapping=tex-text;!
Missing character: There is no Е in font [lmroman12-regular]:mapping=tex-text;!
Missing character: There is no С in font [lmroman12-regular]:mapping=tex-text;!
Missing character: There is no К in font [lmroman12-regular]:mapping=tex-text;!
Missing character: There is no И in font [lmroman12-regular]:mapping=tex-text;!
Missing character: There is no Й in font [lmroman12-regular]:mapping=tex-text;!
Missing character: There is no И in font [lmroman12-regular]:mapping=tex-text;!
Missing character: There is no Н in font [lmroman12-regular]:mapping=tex-text;!
Missing character: There is no С in font [lmroman12-regular]:mapping=tex-text;!
Missing character: There is no Т in font [lmroman12-regular]:mapping=tex-text;!
Missing character: There is no И in font [lmroman12-regular]:mapping=tex-text;!
Missing character: There is no Т in font [lmroman12-regular]:mapping=tex-text;!
Missing character: There is no У in font [lmroman12-regular]:mapping=tex-text;!
Missing character: There is no Т in font [lmroman12-regular]:mapping=tex-text;!
Missing character: There is no Н in font [lmroman12-regular]:mapping=tex-text;!
Missing character: There is no А in font [lmroman12-regular]:mapping=tex-text;!
Missing character: There is no Ц in font [lmroman12-regular]:mapping=tex-text;!
Missing character: There is no И in font [lmroman12-regular]:mapping=tex-text;!
Missing character: There is no О in font [lmroman12-regular]:mapping=tex-text;!
Missing character: There is no Н in font [lmroman12-regular]:mapping=tex-text;!
Missing character: There is no А in font [lmroman12-regular]:mapping=tex-text;!
Missing character: There is no Л in font [lmroman12-regular]:mapping=tex-text;!
Missing character: There is no Ь in font [lmroman12-regular]:mapping=tex-text;!
Missing character: There is no Н in font [lmroman12-regular]:mapping=tex-text;!
Missing character: There is no Ы in font [lmroman12-regular]:mapping=tex-text;!
Missing character: There is no Й in font [lmroman12-regular]:mapping=tex-text;!
Missing character: There is no И in font [lmroman12-regular]:mapping=tex-text;!
Missing character: There is no С in font [lmroman12-regular]:mapping=tex-text;!
Missing character: There is no С in font [lmroman12-regular]:mapping=tex-text;!
Missing character: There is no Л in font [lmroman12-regular]:mapping=tex-text;!
Missing character: There is no Е in font [lmroman12-regular]:mapping=tex-text;!
Missing character: There is no Д in font [lmroman12-regular]:mapping=tex-text;!
Missing character: There is no О in font [lmroman12-regular]:mapping=tex-text;!
Missing character: There is no В in font [lmroman12-regular]:mapping=tex-text;!
Missing character: There is no А in font [lmroman12-regular]:mapping=tex-text;!
Missing character: There is no Т in font [lmroman12-regular]:mapping=tex-text;!
Missing character: There is no Е in font [lmroman12-regular]:mapping=tex-text;!
Missing character: There is no Л in font [lmroman12-regular]:mapping=tex-text;!
Missing character: There is no Ь in font [lmroman12-regular]:mapping=tex-text;!
Missing character: There is no С in font [lmroman12-regular]:mapping=tex-text;!
Missing character: There is no К in font [lmroman12-regular]:mapping=tex-text;!
Missing character: There is no И in font [lmroman12-regular]:mapping=tex-text;!
Missing character: There is no Й in font [lmroman12-regular]:mapping=tex-text;!
Missing character: There is no У in font [lmroman12-regular]:mapping=tex-text;!
Missing character: There is no Н in font [lmroman12-regular]:mapping=tex-text;!
Missing character: There is no И in font [lmroman12-regular]:mapping=tex-text;!
Missing character: There is no В in font [lmroman12-regular]:mapping=tex-text;!
Missing character: There is no Е in font [lmroman12-regular]:mapping=tex-text;!
Missing character: There is no Р in font [lmroman12-regular]:mapping=tex-text;!
Missing character: There is no С in font [lmroman12-regular]:mapping=tex-text;!
Missing character: There is no И in font [lmroman12-regular]:mapping=tex-text;!
Missing character: There is no Т in font [lmroman12-regular]:mapping=tex-text;!
Missing character: There is no Е in font [lmroman12-regular]:mapping=tex-text;!
Missing character: There is no Т in font [lmroman12-regular]:mapping=tex-text;!
File: images/hv_full.png Graphic file (type bmp)
<images/hv_full.png>
Missing character: There is no Л in font [lmroman12-bold]:mapping=tex-text;!
Missing character: There is no а in font [lmroman12-bold]:mapping=tex-text;!
Missing character: There is no б in font [lmroman12-bold]:mapping=tex-text;!
Missing character: There is no о in font [lmroman12-bold]:mapping=tex-text;!
Missing character: There is no р in font [lmroman12-bold]:mapping=tex-text;!
Missing character: There is no а in font [lmroman12-bold]:mapping=tex-text;!
Missing character: There is no т in font [lmroman12-bold]:mapping=tex-text;!
Missing character: There is no о in font [lmroman12-bold]:mapping=tex-text;!
Missing character: There is no р in font [lmroman12-bold]:mapping=tex-text;!
Missing character: There is no н in font [lmroman12-bold]:mapping=tex-text;!
Missing character: There is no а in font [lmroman12-bold]:mapping=tex-text;!
Missing character: There is no я in font [lmroman12-bold]:mapping=tex-text;!
Missing character: There is no р in font [lmroman12-bold]:mapping=tex-text;!
Missing character: There is no а in font [lmroman12-bold]:mapping=tex-text;!
Missing character: There is no б in font [lmroman12-bold]:mapping=tex-text;!
Missing character: There is no о in font [lmroman12-bold]:mapping=tex-text;!
Missing character: There is no т in font [lmroman12-bold]:mapping=tex-text;!
Missing character: There is no а in font [lmroman12-bold]:mapping=tex-text;!
Missing character: There is no Р in font [lmroman12-bold]:mapping=tex-text;!
Missing character: There is no е in font [lmroman12-bold]:mapping=tex-text;!
Missing character: There is no з in font [lmroman12-bold]:mapping=tex-text;!
Missing character: There is no о in font [lmroman12-bold]:mapping=tex-text;!
Missing character: There is no н in font [lmroman12-bold]:mapping=tex-text;!
Missing character: There is no а in font [lmroman12-bold]:mapping=tex-text;!
Missing character: There is no н in font [lmroman12-bold]:mapping=tex-text;!
Missing character: There is no с in font [lmroman12-bold]:mapping=tex-text;!
Missing character: There is no н in font [lmroman12-bold]:mapping=tex-text;!
Missing character: There is no а in font [lmroman12-bold]:mapping=tex-text;!
Missing character: There is no п in font [lmroman12-bold]:mapping=tex-text;!
Missing character: There is no р in font [lmroman12-bold]:mapping=tex-text;!
Missing character: There is no я in font [lmroman12-bold]:mapping=tex-text;!
Missing character: There is no ж in font [lmroman12-bold]:mapping=tex-text;!
Missing character: There is no е in font [lmroman12-bold]:mapping=tex-text;!
Missing character: There is no н in font [lmroman12-bold]:mapping=tex-text;!
Missing character: There is no и in font [lmroman12-bold]:mapping=tex-text;!
Missing character: There is no й in font [lmroman12-bold]:mapping=tex-text;!
Missing character: There is no в in font [lmroman12-bold]:mapping=tex-text;!
Missing character: There is no п in font [lmroman12-bold]:mapping=tex-text;!
Missing character: There is no о in font [lmroman12-bold]:mapping=tex-text;!
Missing character: There is no с in font [lmroman12-bold]:mapping=tex-text;!
Missing character: There is no л in font [lmroman12-bold]:mapping=tex-text;!
Missing character: There is no е in font [lmroman12-bold]:mapping=tex-text;!
Missing character: There is no д in font [lmroman12-bold]:mapping=tex-text;!
Missing character: There is no о in font [lmroman12-bold]:mapping=tex-text;!
Missing character: There is no в in font [lmroman12-bold]:mapping=tex-text;!
Missing character: There is no а in font [lmroman12-bold]:mapping=tex-text;!
Missing character: There is no т in font [lmroman12-bold]:mapping=tex-text;!
Missing character: There is no е in font [lmroman12-bold]:mapping=tex-text;!
Missing character: There is no л in font [lmroman12-bold]:mapping=tex-text;!
Missing character: There is no ь in font [lmroman12-bold]:mapping=tex-text;!
Missing character: There is no н in font [lmroman12-bold]:mapping=tex-text;!
Missing character: There is no о in font [lmroman12-bold]:mapping=tex-text;!
Missing character: There is no м in font [lmroman12-bold]:mapping=tex-text;!
Missing character: There is no к in font [lmroman12-bold]:mapping=tex-text;!
Missing character: There is no о in font [lmroman12-bold]:mapping=tex-text;!
Missing character: There is no н in font [lmroman12-bold]:mapping=tex-text;!
Missing character: There is no т in font [lmroman12-bold]:mapping=tex-text;!
Missing character: There is no у in font [lmroman12-bold]:mapping=tex-text;!
Missing character: There is no р in font [lmroman12-bold]:mapping=tex-text;!
Missing character: There is no е in font [lmroman12-bold]:mapping=tex-text;!
Missing character: There is no А in font [lmroman17-regular]:mapping=tex-text;!
Missing character: There is no в in font [lmroman17-regular]:mapping=tex-text;!
Missing character: There is no т in font [lmroman17-regular]:mapping=tex-text;!
Missing character: There is no о in font [lmroman17-regular]:mapping=tex-text;!
Missing character: There is no р in font [lmroman17-regular]:mapping=tex-text;!
Missing character: There is no Л in font [lmroman17-regular]:mapping=tex-text;!
Missing character: There is no у in font [lmroman17-regular]:mapping=tex-text;!
Missing character: There is no з in font [lmroman17-regular]:mapping=tex-text;!
Missing character: There is no г in font [lmroman17-regular]:mapping=tex-text;!
Missing character: There is no и in font [lmroman17-regular]:mapping=tex-text;!
Missing character: There is no н in font [lmroman17-regular]:mapping=tex-text;!
Missing character: There is no а in font [lmroman17-regular]:mapping=tex-text;!
Missing character: There is no А in font [lmroman17-regular]:mapping=tex-text;!
Missing character: There is no р in font [lmroman17-regular]:mapping=tex-text;!
Missing character: There is no и in font [lmroman17-regular]:mapping=tex-text;!
Missing character: There is no н in font [lmroman17-regular]:mapping=tex-text;!
Missing character: There is no а in font [lmroman17-regular]:mapping=tex-text;!
Missing character: There is no Б in font [lmroman17-regular]:mapping=tex-text;!
Missing character: There is no Д in font [lmroman12-regular]:mapping=tex-text;!
Missing character: There is no о in font [lmroman12-regular]:mapping=tex-text;!
Missing character: There is no л in font [lmroman12-regular]:mapping=tex-text;!
Missing character: There is no г in font [lmroman12-regular]:mapping=tex-text;!
Missing character: There is no о in font [lmroman12-regular]:mapping=tex-text;!
Missing character: There is no п in font [lmroman12-regular]:mapping=tex-text;!
Missing character: There is no р in font [lmroman12-regular]:mapping=tex-text;!
Missing character: There is no у in font [lmroman12-regular]:mapping=tex-text;!
Missing character: There is no д in font [lmroman12-regular]:mapping=tex-text;!
Missing character: There is no н in font [lmroman12-regular]:mapping=tex-text;!
Missing character: There is no ы in font [lmroman12-regular]:mapping=tex-text;!
Missing character: There is no й in font [lmroman12-regular]:mapping=tex-text;!
[1

] (text.aux
LaTeX Font Info:    Trying to load font information for OT1+lmr on input line 8
.

(C:\Users\Arina_Luzgina\AppData\Local\Programs\MiKTeX\tex/latex/lm\ot1lmr.fd
File: ot1lmr.fd 2015/05/01 v1.6.1 Font defs for Latin Modern
))
 ***********
LaTeX2e <2023-11-01> patch level 1
L3 programming layer <2024-01-04>
 ***********
Package rerunfilecheck Info: File `text.out' has not changed.
(rerunfilecheck)             Checksum: D41D8CD98F00B204E9800998ECF8427E;0.
 ) 
Here is how much of TeX's memory you used:
 23102 strings out of 409617
 416921 string characters out of 5772389
 1921191 words of memory out of 5000000
 44841 multiletter control sequences out of 15000+600000
 561417 words of font info for 43 fonts, out of 8000000 for 9000
 1348 hyphenation exceptions out of 8191
 84i,5n,93p,1072b,365s stack positions out of 10000i,1000n,20000p,200000b,200000s

Output written on text.pdf (1 page).
